WSim 0.99.405svn, rev 406
copyright 2005, 2006, 2007, 2008, 2009, 2010
Citi Lab, INRIA, INSA de Lyon
mcu   : msp430
model : msp430f1611
  xin : 32768
  xt2 : 0
==
Memory monitor
  monitor: NextInterruptTime 0x1144:2  w mod 0 0
==

================
WSim stats:
-----------
  simulation user time          : 0.000 s (288 ns)
  simulation backtracks         : 0

Machine stats:
--------------
  simulated time                : 5000001191 ns (5.000 s)
  simulation speedup            : 17.36
  machine exit with signal      : none

MCU:
----
  simulated mcu instructions    : 1579702
  simulated mcu cycles          : 3750497
  simulated mcu mean freq       : 750099.25 c/s (0.75 MHz)
  simulation mean freq          : 13021745.17 c/s (13.02 MHz)
     - does not take into account sleep modes
  mcu exit at PC                : 0x4176
  mcu exit in LPM mode          : Active mode
  mcu exit with IV              : 0x0000

DEVICES:
--------
  - System Platform             :
  - Led display                 :
  - Led display                 :
  - Led display                 :
  - at45db flash memory         :
  - cc2420 radio device         :
  - ptty serial I/O             :

================
